2025-11-11 19:52:59,884 - __main__ - INFO - ======================================================================
2025-11-11 19:52:59,885 - __main__ - INFO - BEBE Task Recorder Version 4.3 Started
2025-11-11 19:52:59,885 - __main__ - INFO - ======================================================================
2025-11-11 19:52:59,885 - __main__ - INFO - Starting main()
2025-11-11 19:52:59,944 - __main__ - INFO - Tk root created
2025-11-11 19:52:59,944 - __main__ - INFO - Creating BebeGUI instance...
2025-11-11 19:52:59,944 - __main__ - INFO - BebeGUI.__init__() started
2025-11-11 19:52:59,956 - __main__ - INFO - Running as admin
2025-11-11 19:53:00,274 - __main__ - INFO - setup_ui() completed
2025-11-11 19:53:00,274 - __main__ - INFO - setup_ui() completed
2025-11-11 19:53:00,284 - __main__ - INFO - BebeGUI.__init__() completed
2025-11-11 19:53:00,284 - __main__ - INFO - BebeGUI instance created
2025-11-11 19:53:00,284 - __main__ - INFO - Starting mainloop...
2025-11-11 19:53:00,785 - __main__ - INFO - Setting up keyboard shortcuts...
2025-11-11 19:53:00,785 - __main__ - INFO - Setting up F10 listener for Pause...
2025-11-11 19:53:00,785 - __main__ - INFO - _setup_f10_listener() called
2025-11-11 19:53:00,785 - __main__ - INFO - Creating F10 listener object...
2025-11-11 19:53:00,792 - __main__ - INFO - ✓ Listener object created successfully
2025-11-11 19:53:00,792 - __main__ - INFO - Starting listener in separate thread...
2025-11-11 19:53:00,792 - __main__ - INFO - [THREAD] Starting F10 listener thread...
2025-11-11 19:53:00,792 - __main__ - INFO - ✓ Listener start thread launched
2025-11-11 19:53:00,792 - __main__ - INFO - [THREAD] ✓✓✓ F10 listener STARTED successfully! ✓✓✓
2025-11-11 19:53:00,792 - __main__ - INFO - [THREAD] Listener is now active and listening for F10 GLOBALLY...
2025-11-11 19:53:00,792 - __main__ - INFO - [THREAD] IMPORTANT: Listener works even when other apps are active (requires admin)
2025-11-11 19:53:00,993 - __main__ - INFO - ✓✓✓ F10 Listener is RUNNING! ✓✓✓
2025-11-11 19:53:00,993 - __main__ - INFO - Keyboard shortcuts setup complete
2025-11-11 19:53:02,116 - __main__ - INFO - start_recording() called
2025-11-11 19:53:02,116 - __main__ - INFO - Recording thread started
2025-11-11 19:53:03,850 - __main__ - INFO - Recording stopped, updating GUI
2025-11-11 19:53:06,692 - __main__ - INFO - play_task() called
2025-11-11 19:53:06,692 - __main__ - INFO - 🔍 DEBUG: background_mode_var.get() = True
2025-11-11 19:53:06,693 - __main__ - INFO - 🔍 DEBUG: background_mode_var type = <class 'tkinter.BooleanVar'>
2025-11-11 19:53:06,693 - __main__ - INFO - 🌙 BACKGROUND MODE activated - cursor will be hidden!
2025-11-11 19:53:06,693 - __main__ - INFO - Playing 14 events
2025-11-11 19:53:06,694 - __main__ - INFO - Playback settings: speed=2.0x, loop=1, run_until_stop=False
2025-11-11 19:53:06,694 - __main__ - INFO - Playback thread started
2025-11-11 19:53:06,695 - __main__ - INFO - Playback thread launched
2025-11-11 19:53:06,695 - __main__ - INFO - 🖱️ NORMAL MODE - Nu există monitor secundar
2025-11-11 19:53:06,695 - __main__ - INFO - 🔄 Starting playback: loop_count=1, run_until_stop=False
2025-11-11 19:53:06,695 - __main__ - INFO - 🔄 Loop iteration 1/1
2025-11-11 19:53:06,695 - __main__ - INFO - ▶️ Playing 14 events on Monitor 2 (iteration 1)...
2025-11-11 19:53:07,514 - __main__ - INFO - 🔄 Loop iteration 2/1
2025-11-11 19:53:07,514 - __main__ - INFO - ✋ Breaking: loop (2) > loop_count (1)
2025-11-11 19:53:07,515 - __main__ - INFO - 🏁 Secondary monitor playback finished after 2 iteration(s)
2025-11-11 19:53:07,515 - __main__ - INFO - Playback finished
2025-11-11 19:53:07,515 - __main__ - INFO - _playback_finished() called
2025-11-11 19:53:11,301 - __main__ - INFO - start_recording() called
2025-11-11 19:53:11,302 - __main__ - INFO - Recording thread started
2025-11-11 19:53:16,741 - __main__ - INFO - Recording stopped, updating GUI
2025-11-11 19:53:21,404 - __main__ - INFO - play_task() called
2025-11-11 19:53:21,405 - __main__ - INFO - 🔍 DEBUG: background_mode_var.get() = True
2025-11-11 19:53:21,405 - __main__ - INFO - 🔍 DEBUG: background_mode_var type = <class 'tkinter.BooleanVar'>
2025-11-11 19:53:21,405 - __main__ - INFO - 🌙 BACKGROUND MODE activated - cursor will be hidden!
2025-11-11 19:53:21,405 - __main__ - INFO - Playing 50 events
2025-11-11 19:53:21,405 - __main__ - INFO - Playback settings: speed=2.0x, loop=1, run_until_stop=False
2025-11-11 19:53:21,406 - __main__ - INFO - Playback thread started
2025-11-11 19:53:21,406 - __main__ - INFO - Playback thread launched
2025-11-11 19:53:21,406 - __main__ - INFO - 🖱️ NORMAL MODE - Nu există monitor secundar
2025-11-11 19:53:21,406 - __main__ - INFO - 🔄 Starting playback: loop_count=1, run_until_stop=False
2025-11-11 19:53:21,406 - __main__ - INFO - 🔄 Loop iteration 1/1
2025-11-11 19:53:21,406 - __main__ - INFO - ▶️ Playing 50 events on Monitor 2 (iteration 1)...
2025-11-11 19:53:24,103 - __main__ - INFO - 🔄 Loop iteration 2/1
2025-11-11 19:53:24,104 - __main__ - INFO - ✋ Breaking: loop (2) > loop_count (1)
2025-11-11 19:53:24,104 - __main__ - INFO - 🏁 Secondary monitor playback finished after 2 iteration(s)
2025-11-11 19:53:24,104 - __main__ - INFO - Playback finished
2025-11-11 19:53:24,104 - __main__ - INFO - _playback_finished() called
2025-11-11 19:53:25,845 - __main__ - INFO - Application closing...
2025-11-11 19:53:27,119 - __main__ - INFO - User confirmed quit
2025-11-11 19:53:27,185 - __main__ - INFO - Mainloop ended
2025-11-11 19:53:27,185 - __main__ - INFO - Application terminated
