2025-11-12 11:35:53,460 [INFO] Logging initialized. Log file: LOGS\bebe_debug_20251112_113553.log
2025-11-12 11:35:53,460 [INFO] ============================================================
2025-11-12 11:35:53,461 [INFO] Starting BEBE Task Recorder v4.4...
2025-11-12 11:35:53,461 [INFO] ============================================================
2025-11-12 11:35:53,573 [INFO] Root window created
2025-11-12 11:35:53,573 [INFO] BebeGUI.__init__() started
2025-11-12 11:35:53,573 [DEBUG] Setting window title and geometry...
2025-11-12 11:35:53,585 [DEBUG] Creating version label...
2025-11-12 11:35:53,592 [DEBUG] Checking admin privileges...
2025-11-12 11:35:53,594 [INFO] Running as admin
2025-11-12 11:35:53,598 [DEBUG] Creating TaskRecorder and TaskPlayer...
2025-11-12 11:35:53,599 [DEBUG] Initializing schedule variables...
2025-11-12 11:35:53,599 [DEBUG] Calling setup_ui()...
2025-11-12 11:35:53,599 [DEBUG] setup_ui() started
2025-11-12 11:35:53,599 [DEBUG] Configuring ttk.Style...
2025-11-12 11:35:53,599 [DEBUG] Style configured
2025-11-12 11:35:54,715 [DEBUG] Scheduling _setup_keyboard_shortcuts() with 500ms delay...
2025-11-12 11:35:54,716 [INFO] setup_ui() completed
2025-11-12 11:35:54,716 [INFO] setup_ui() completed
2025-11-12 11:35:54,716 [DEBUG] Scheduling refresh_task_list()...
2025-11-12 11:35:54,716 [INFO] BebeGUI.__init__() completed
2025-11-12 11:35:54,716 [INFO] BebeGUI initialized, starting mainloop
2025-11-12 11:35:55,219 [INFO] Setting up keyboard shortcuts...
2025-11-12 11:35:55,219 [DEBUG] Space binding registered for Play
2025-11-12 11:35:55,219 [INFO] Setting up F10 listener for Pause...
2025-11-12 11:35:55,219 [INFO] _setup_f10_listener() called
2025-11-12 11:35:55,219 [INFO] Creating F10 listener object...
2025-11-12 11:35:55,229 [INFO] ✓ Listener object created successfully
2025-11-12 11:35:55,229 [INFO] Starting listener in separate thread...
2025-11-12 11:35:55,230 [INFO] [THREAD] Starting F10 listener thread...
2025-11-12 11:35:55,230 [INFO] ✓ Listener start thread launched
2025-11-12 11:35:55,230 [INFO] [THREAD] ✓✓✓ F10 listener STARTED successfully! ✓✓✓
2025-11-12 11:35:55,230 [INFO] [THREAD] Listener is now active and listening for F10 GLOBALLY...
2025-11-12 11:35:55,230 [INFO] [THREAD] IMPORTANT: Listener works even when other apps are active (requires admin)
2025-11-12 11:35:55,431 [INFO] ✓✓✓ F10 Listener is RUNNING! ✓✓✓
2025-11-12 11:35:55,431 [INFO] Keyboard shortcuts setup complete
2025-11-12 11:35:56,818 [WARNING] Cannot hide to tray - system tray not available
2025-11-12 11:35:56,818 [INFO] Enhanced Mini Mode activated
2025-11-12 11:36:16,232 [INFO] Mainloop ended
